2008.04.11 14:33 B C:\Documents and Settings\RJR\My Documents\Personal Desktop\ArtProjects\blindiprojects\blindeyewebupdate\boxe&tie.tiff <-- blind eye projects /web/www.blindeyemedia.com/scott download boxe&tie.tiff
2008.04.11 15:05 B C:\Documents and Settings\RJR\My Documents\Personal Desktop\ArtProjects\blindiprojects\blindeyewebupdate\about.html <-- blind eye projects /web about.html
2008.04.11 15:05 B C:\Documents and Settings\RJR\My Documents\Personal Desktop\ArtProjects\blindiprojects\blindeyewebupdate\about_12_01.html <-- blind eye projects /web about_12_01.html
2008.04.11 15:05 B C:\Documents and Settings\RJR\My Documents\Personal Desktop\ArtProjects\blindiprojects\blindeyewebupdate\anti-tv.html <-- blind eye projects /web anti-tv.html
2008.04.11 15:05 B C:\Documents and Settings\RJR\My Documents\Personal Desktop\ArtProjects\blindiprojects\blindeyewebupdate\chashama.html <-- blind eye projects /web chashama.html
2008.04.11 15:05 B C:\Documents and Settings\RJR\My Documents\Personal Desktop\ArtProjects\blindiprojects\blindeyewebupdate\collaborator.html <-- blind eye projects /web collaborator.html
2008.04.11 15:05 B C:\Documents and Settings\RJR\My Documents\Personal Desktop\ArtProjects\blindiprojects\blindeyewebupdate\contact.html <-- blind eye projects /web contact.html
2008.04.11 15:05 B C:\Documents and Settings\RJR\My Documents\Personal Desktop\ArtProjects\blindiprojects\blindeyewebupdate\demo.html <-- blind eye projects /web demo.html
2008.04.11 15:05 B C:\Documents and Settings\RJR\My Documents\Personal Desktop\ArtProjects\blindiprojects\blindeyewebupdate\exoptic.html <-- blind eye projects /web exoptic.html
2008.04.11 15:05 B C:\Documents and Settings\RJR\My Documents\Personal Desktop\ArtProjects\blindiprojects\blindeyewebupdate\exoptic_back.html <-- blind eye projects /web exoptic_back.html
2008.04.11 15:05 B C:\Documents and Settings\RJR\My Documents\Personal Desktop\ArtProjects\blindiprojects\blindeyewebupdate\fade1.html <-- blind eye projects /web fade1.html
2008.04.11 15:05 B C:\Documents and Settings\RJR\My Documents\Personal Desktop\ArtProjects\blindiprojects\blindeyewebupdate\filmscout.html <-- blind eye projects /web filmscout.html
2008.04.11 15:05 B C:\Documents and Settings\RJR\My Documents\Personal Desktop\ArtProjects\blindiprojects\blindeyewebupdate\forsale.html <-- blind eye projects /web forsale.html
2008.04.11 15:05 B C:\Documents and Settings\RJR\My Documents\Personal Desktop\ArtProjects\blindiprojects\blindeyewebupdate\index.html <-- blind eye projects /web index.html
2008.04.11 15:05 B C:\Documents and Settings\RJR\My Documents\Personal Desktop\ArtProjects\blindiprojects\blindeyewebupdate\interventions.html <-- blind eye projects /web interventions.html
2008.04.11 15:05 B C:\Documents and Settings\RJR\My Documents\Personal Desktop\ArtProjects\blindiprojects\blindeyewebupdate\location.html <-- blind eye projects /web location.html
2008.04.11 15:05 B C:\Documents and Settings\RJR\My Documents\Personal Desktop\ArtProjects\blindiprojects\blindeyewebupdate\main.html <-- blind eye projects /web main.html
2008.04.11 15:05 B C:\Documents and Settings\RJR\My Documents\Personal Desktop\ArtProjects\blindiprojects\blindeyewebupdate\manifesto.html <-- blind eye projects /web manifesto.html
2008.04.11 15:05 B C:\Documents and Settings\RJR\My Documents\Personal Desktop\ArtProjects\blindiprojects\blindeyewebupdate\mission.html <-- blind eye projects /web mission.html
2008.04.11 15:05 B C:\Documents and Settings\RJR\My Documents\Personal Desktop\ArtProjects\blindiprojects\blindeyewebupdate\oldIndex.html <-- blind eye projects /web oldIndex.html
2008.04.11 15:05 B C:\Documents and Settings\RJR\My Documents\Personal Desktop\ArtProjects\blindiprojects\blindeyewebupdate\origins.html <-- blind eye projects /web origins.html
2008.04.11 15:05 B C:\Documents and Settings\RJR\My Documents\Personal Desktop\ArtProjects\blindiprojects\blindeyewebupdate\preview.html <-- blind eye projects /web preview.html
2008.04.11 15:05 B C:\Documents and Settings\RJR\My Documents\Personal Desktop\ArtProjects\blindiprojects\blindeyewebupdate\previewnew.html <-- blind eye projects /web previewnew.html
2008.04.11 15:05 B C:\Documents and Settings\RJR\My Documents\Personal Desktop\ArtProjects\blindiprojects\blindeyewebupdate\reverse.html <-- blind eye projects /web reverse.html
2008.04.11 15:05 B C:\Documents and Settings\RJR\My Documents\Personal Desktop\ArtProjects\blindiprojects\blindeyewebupdate\science.html <-- blind eye projects /web science.html
2008.04.11 15:05 B C:\Documents and Settings\RJR\My Documents\Personal Desktop\ArtProjects\blindiprojects\blindeyewebupdate\store1.html <-- blind eye projects /web store1.html
2008.04.11 15:05 B C:\Documents and Settings\RJR\My Documents\Personal Desktop\ArtProjects\blindiprojects\blindeyewebupdate\store2.html <-- blind eye projects /web store2.html
2008.04.11 15:05 B C:\Documents and Settings\RJR\My Documents\Personal Desktop\ArtProjects\blindiprojects\blindeyewebupdate\store3.html <-- blind eye projects /web store3.html
2008.04.11 15:05 B C:\Documents and Settings\RJR\My Documents\Personal Desktop\ArtProjects\blindiprojects\blindeyewebupdate\store4.html <-- blind eye projects /web store4.html
2008.04.11 15:05 B C:\Documents and Settings\RJR\My Documents\Personal Desktop\ArtProjects\blindiprojects\blindeyewebupdate\store5.html <-- blind eye projects /web store5.html
2008.04.11 15:05 B C:\Documents and Settings\RJR\My Documents\Personal Desktop\ArtProjects\blindiprojects\blindeyewebupdate\store6.html <-- blind eye projects /web store6.html
2008.04.11 15:05 B C:\Documents and Settings\RJR\My Documents\Personal Desktop\ArtProjects\blindiprojects\blindeyewebupdate\store7.html <-- blind eye projects /web store7.html
2008.04.11 15:05 B C:\Documents and Settings\RJR\My Documents\Personal Desktop\ArtProjects\blindiprojects\blindeyewebupdate\store8.html <-- blind eye projects /web store8.html
2008.04.11 15:05 B C:\Documents and Settings\RJR\My Documents\Personal Desktop\ArtProjects\blindiprojects\blindeyewebupdate\store9.html <-- blind eye projects /web store9.html
2008.04.11 15:05 B C:\Documents and Settings\RJR\My Documents\Personal Desktop\ArtProjects\blindiprojects\blindeyewebupdate\storefronts.html <-- blind eye projects /web storefronts.html
2008.04.11 15:05 B C:\Documents and Settings\RJR\My Documents\Personal Desktop\ArtProjects\blindiprojects\blindeyewebupdate\test.html <-- blind eye projects /web test.html
2008.04.11 15:05 B C:\Documents and Settings\RJR\My Documents\Personal Desktop\ArtProjects\blindiprojects\blindeyewebupdate\test.txt <-- blind eye projects /web test.txt
2008.04.11 15:05 B C:\Documents and Settings\RJR\My Documents\Personal Desktop\ArtProjects\blindiprojects\blindeyewebupdate\utne.html <-- blind eye projects /web utne.html
2008.04.11 15:05 B C:\Documents and Settings\RJR\My Documents\Personal Desktop\ArtProjects\blindiprojects\blindeyewebupdate\videos.html <-- blind eye projects /web videos.html
2008.04.11 15:20 B C:\Documents and Settings\RJR\My Documents\Personal Desktop\ArtProjects\blindiprojects\blindeyewebupdate\contact.html --> ax.to /web contact.html
2008.04.11 15:20 B C:\Documents and Settings\RJR\My Documents\Personal Desktop\ArtProjects\blindiprojects\blindeyewebupdate\contact.html --> ax.to /web contact.html
2008.04.11 15:27 B C:\Documents and Settings\RJR\My Documents\Personal Desktop\ArtProjects\blindiprojects\blindeyewebupdate\contact.html --> ax.to /web contact.html
2008.04.11 15:29 B C:\Documents and Settings\RJR\My Documents\Personal Desktop\ArtProjects\blindiprojects\blindeyewebupdate\contact.html --> ax.to /web contact.html
2008.04.11 15:30 B C:\Documents and Settings\RJR\My Documents\Personal Desktop\ArtProjects\blindiprojects\blindeyewebupdate\contact.html --> ax.to /web contact.html
2008.04.11 15:32 B C:\Documents and Settings\RJR\My Documents\Personal Desktop\ArtProjects\blindiprojects\blindeyewebupdate\contact.html --> ax.to /web contact.html
2008.04.11 15:33 B C:\Documents and Settings\RJR\My Documents\Personal Desktop\ArtProjects\blindiprojects\blindeyewebupdate\contact.html --> ax.to /web contact.html
2008.04.11 16:56 B C:\Documents and Settings\RJR\My Documents\Personal Desktop\ArtProjects\blindiprojects\blindeyewebupdate\contact.html --> ax.to /web contact.html
2008.04.12 12:48 B C:\Documents and Settings\RJR\My Documents\Personal Desktop\ArtProjects\blindiprojects\blindeyewebupdate\contact.html --> ax.to /web contact.html
2008.04.17 20:15 B C:\Documents and Settings\RJR\My Documents\Personal Desktop\ArtProjects\blindiprojects\blindeyewebupdate\contact.html --> ax.to /web contact.html
2008.04.17 20:17 B C:\Documents and Settings\RJR\My Documents\Personal Desktop\ArtProjects\blindiprojects\blindeyewebupdate\contact.html --> ax.to /web contact.html
2008.04.17 20:21 B C:\Documents and Settings\RJR\My Documents\Personal Desktop\ArtProjects\blindiprojects\blindeyewebupdate\contact.html --> ax.to /web contact.html
