2008.04.11 14:19 B C:\Documents and Settings\RJR\My Documents\Personal Desktop\ArtProjects\blindiprojects\blindeyewebupdate\images\42nd.jpg <-- blind eye projects /web/images 42nd.jpg
2008.04.11 14:19 B C:\Documents and Settings\RJR\My Documents\Personal Desktop\ArtProjects\blindiprojects\blindeyewebupdate\images\about.gif <-- blind eye projects /web/images about.gif
2008.04.11 14:19 B C:\Documents and Settings\RJR\My Documents\Personal Desktop\ArtProjects\blindiprojects\blindeyewebupdate\images\antitv-display.gif <-- blind eye projects /web/images antitv-display.gif
2008.04.11 14:19 B C:\Documents and Settings\RJR\My Documents\Personal Desktop\ArtProjects\blindiprojects\blindeyewebupdate\images\antitv-icon.gif <-- blind eye projects /web/images antitv-icon.gif
2008.04.11 14:19 B C:\Documents and Settings\RJR\My Documents\Personal Desktop\ArtProjects\blindiprojects\blindeyewebupdate\images\arrwsfldeye.jpg <-- blind eye projects /web/images arrwsfldeye.jpg
2008.04.11 14:19 B C:\Documents and Settings\RJR\My Documents\Personal Desktop\ArtProjects\blindiprojects\blindeyewebupdate\images\bebop2.gif <-- blind eye projects /web/images bebop2.gif
2008.04.11 14:19 B C:\Documents and Settings\RJR\My Documents\Personal Desktop\ArtProjects\blindiprojects\blindeyewebupdate\images\bigeye-top_nav.gif <-- blind eye projects /web/images bigeye-top_nav.gif
2008.04.11 14:19 B C:\Documents and Settings\RJR\My Documents\Personal Desktop\ArtProjects\blindiprojects\blindeyewebupdate\images\binterv.gif <-- blind eye projects /web/images binterv.gif
2008.04.11 14:19 B C:\Documents and Settings\RJR\My Documents\Personal Desktop\ArtProjects\blindiprojects\blindeyewebupdate\images\bklyn-exptrncls1.jpg <-- blind eye projects /web/images bklyn-exptrncls1.jpg
2008.04.11 14:19 B C:\Documents and Settings\RJR\My Documents\Personal Desktop\ArtProjects\blindiprojects\blindeyewebupdate\images\bklyn-exptrncls2.jpg <-- blind eye projects /web/images bklyn-exptrncls2.jpg
2008.04.11 14:19 B C:\Documents and Settings\RJR\My Documents\Personal Desktop\ArtProjects\blindiprojects\blindeyewebupdate\images\blackeyecard-display.gif <-- blind eye projects /web/images blackeyecard-display.gif
2008.04.11 14:19 B C:\Documents and Settings\RJR\My Documents\Personal Desktop\ArtProjects\blindiprojects\blindeyewebupdate\images\blackeyecard-icon.gif <-- blind eye projects /web/images blackeyecard-icon.gif
2008.04.11 14:19 B C:\Documents and Settings\RJR\My Documents\Personal Desktop\ArtProjects\blindiprojects\blindeyewebupdate\images\blindeye-ad.gif <-- blind eye projects /web/images blindeye-ad.gif
2008.04.11 14:19 B C:\Documents and Settings\RJR\My Documents\Personal Desktop\ArtProjects\blindiprojects\blindeyewebupdate\images\blindeyebabe1b.gif <-- blind eye projects /web/images blindeyebabe1b.gif
2008.04.11 14:19 B C:\Documents and Settings\RJR\My Documents\Personal Desktop\ArtProjects\blindiprojects\blindeyewebupdate\images\blindeyebabe2b.gif <-- blind eye projects /web/images blindeyebabe2b.gif
2008.04.11 14:19 B C:\Documents and Settings\RJR\My Documents\Personal Desktop\ArtProjects\blindiprojects\blindeyewebupdate\images\blindheat_thumb.gif <-- blind eye projects /web/images blindheat_thumb.gif
2008.04.11 14:19 B C:\Documents and Settings\RJR\My Documents\Personal Desktop\ArtProjects\blindiprojects\blindeyewebupdate\images\boxicon.jpg <-- blind eye projects /web/images boxicon.jpg
2008.04.11 14:19 B C:\Documents and Settings\RJR\My Documents\Personal Desktop\ArtProjects\blindiprojects\blindeyewebupdate\images\brklynwindow-thumb.jpg <-- blind eye projects /web/images brklynwindow-thumb.jpg
2008.04.11 14:19 B C:\Documents and Settings\RJR\My Documents\Personal Desktop\ArtProjects\blindiprojects\blindeyewebupdate\images\button_anti_b.gif <-- blind eye projects /web/images button_anti_b.gif
2008.04.11 14:19 B C:\Documents and Settings\RJR\My Documents\Personal Desktop\ArtProjects\blindiprojects\blindeyewebupdate\images\button_deflective_b.gif <-- blind eye projects /web/images button_deflective_b.gif
2008.04.11 14:19 B C:\Documents and Settings\RJR\My Documents\Personal Desktop\ArtProjects\blindiprojects\blindeyewebupdate\images\button_exoptic_b.gif <-- blind eye projects /web/images button_exoptic_b.gif
2008.04.11 14:19 B C:\Documents and Settings\RJR\My Documents\Personal Desktop\ArtProjects\blindiprojects\blindeyewebupdate\images\button_heat_b.gif <-- blind eye projects /web/images button_heat_b.gif
2008.04.11 14:19 B C:\Documents and Settings\RJR\My Documents\Personal Desktop\ArtProjects\blindiprojects\blindeyewebupdate\images\button_link_b.gif <-- blind eye projects /web/images button_link_b.gif
2008.04.11 14:19 B C:\Documents and Settings\RJR\My Documents\Personal Desktop\ArtProjects\blindiprojects\blindeyewebupdate\images\button_manifesto_b.gif <-- blind eye projects /web/images button_manifesto_b.gif
2008.04.11 14:19 B C:\Documents and Settings\RJR\My Documents\Personal Desktop\ArtProjects\blindiprojects\blindeyewebupdate\images\button_preview_b.gif <-- blind eye projects /web/images button_preview_b.gif
2008.04.11 14:19 B C:\Documents and Settings\RJR\My Documents\Personal Desktop\ArtProjects\blindiprojects\blindeyewebupdate\images\button_utne_b.gif <-- blind eye projects /web/images button_utne_b.gif
2008.04.11 14:19 B C:\Documents and Settings\RJR\My Documents\Personal Desktop\ArtProjects\blindiprojects\blindeyewebupdate\images\careers_main_off.gif <-- blind eye projects /web/images careers_main_off.gif
2008.04.11 14:19 B C:\Documents and Settings\RJR\My Documents\Personal Desktop\ArtProjects\blindiprojects\blindeyewebupdate\images\chashama.html <-- blind eye projects /web/images chashama.html
2008.04.11 14:19 B C:\Documents and Settings\RJR\My Documents\Personal Desktop\ArtProjects\blindiprojects\blindeyewebupdate\images\clear.gif <-- blind eye projects /web/images clear.gif
2008.04.11 14:19 B C:\Documents and Settings\RJR\My Documents\Personal Desktop\ArtProjects\blindiprojects\blindeyewebupdate\images\contactus_main_off.gif <-- blind eye projects /web/images contactus_main_off.gif
2008.04.11 14:19 B C:\Documents and Settings\RJR\My Documents\Personal Desktop\ArtProjects\blindiprojects\blindeyewebupdate\images\cubistdancer-thumb.gif <-- blind eye projects /web/images cubistdancer-thumb.gif
2008.04.11 14:19 B C:\Documents and Settings\RJR\My Documents\Personal Desktop\ArtProjects\blindiprojects\blindeyewebupdate\images\cubistdancer-thumb.jpg <-- blind eye projects /web/images cubistdancer-thumb.jpg
2008.04.11 14:19 B C:\Documents and Settings\RJR\My Documents\Personal Desktop\ArtProjects\blindiprojects\blindeyewebupdate\images\cubistdancer.gif <-- blind eye projects /web/images cubistdancer.gif
2008.04.11 14:19 B C:\Documents and Settings\RJR\My Documents\Personal Desktop\ArtProjects\blindiprojects\blindeyewebupdate\images\deflectstickbed.gif <-- blind eye projects /web/images deflectstickbed.gif
2008.04.11 14:19 B C:\Documents and Settings\RJR\My Documents\Personal Desktop\ArtProjects\blindiprojects\blindeyewebupdate\images\deflectstickchair.gif <-- blind eye projects /web/images deflectstickchair.gif
2008.04.11 14:19 B C:\Documents and Settings\RJR\My Documents\Personal Desktop\ArtProjects\blindiprojects\blindeyewebupdate\images\dncer-eye.jpg <-- blind eye projects /web/images dncer-eye.jpg
2008.04.11 14:19 B C:\Documents and Settings\RJR\My Documents\Personal Desktop\ArtProjects\blindiprojects\blindeyewebupdate\images\doubleblindheatbabe.gif <-- blind eye projects /web/images doubleblindheatbabe.gif
2008.04.11 14:19 B C:\Documents and Settings\RJR\My Documents\Personal Desktop\ArtProjects\blindiprojects\blindeyewebupdate\images\events.gif <-- blind eye projects /web/images events.gif
2008.04.11 14:19 B C:\Documents and Settings\RJR\My Documents\Personal Desktop\ArtProjects\blindiprojects\blindeyewebupdate\images\exoptic-icon.jpg <-- blind eye projects /web/images exoptic-icon.jpg
2008.04.11 14:19 B C:\Documents and Settings\RJR\My Documents\Personal Desktop\ArtProjects\blindiprojects\blindeyewebupdate\images\exopticfields-card-display.gif <-- blind eye projects /web/images exopticfields-card-display.gif
2008.04.11 14:19 B C:\Documents and Settings\RJR\My Documents\Personal Desktop\ArtProjects\blindiprojects\blindeyewebupdate\images\exopticfields-card-icon.gif <-- blind eye projects /web/images exopticfields-card-icon.gif
2008.04.11 14:19 B C:\Documents and Settings\RJR\My Documents\Personal Desktop\ArtProjects\blindiprojects\blindeyewebupdate\images\extr-bb-perf1.jpg <-- blind eye projects /web/images extr-bb-perf1.jpg
2008.04.11 14:19 B C:\Documents and Settings\RJR\My Documents\Personal Desktop\ArtProjects\blindiprojects\blindeyewebupdate\images\extr-naval-perf+.jpg <-- blind eye projects /web/images extr-naval-perf+.jpg
2008.04.11 14:19 B C:\Documents and Settings\RJR\My Documents\Personal Desktop\ArtProjects\blindiprojects\blindeyewebupdate\images\extra-bb-perf2.jpg <-- blind eye projects /web/images extra-bb-perf2.jpg
2008.04.11 14:19 B C:\Documents and Settings\RJR\My Documents\Personal Desktop\ArtProjects\blindiprojects\blindeyewebupdate\images\extra-child-perf1.jpg <-- blind eye projects /web/images extra-child-perf1.jpg
2008.04.11 14:19 B C:\Documents and Settings\RJR\My Documents\Personal Desktop\ArtProjects\blindiprojects\blindeyewebupdate\images\extra-child-perf2.jpg <-- blind eye projects /web/images extra-child-perf2.jpg
2008.04.11 14:19 B C:\Documents and Settings\RJR\My Documents\Personal Desktop\ArtProjects\blindiprojects\blindeyewebupdate\images\extra-child-perf3.jpg <-- blind eye projects /web/images extra-child-perf3.jpg
2008.04.11 14:19 B C:\Documents and Settings\RJR\My Documents\Personal Desktop\ArtProjects\blindiprojects\blindeyewebupdate\images\extra-fritz-perf1.jpg <-- blind eye projects /web/images extra-fritz-perf1.jpg
2008.04.11 14:20 B C:\Documents and Settings\RJR\My Documents\Personal Desktop\ArtProjects\blindiprojects\blindeyewebupdate\images\extra-naval-perf1.jpg <-- blind eye projects /web/images extra-naval-perf1.jpg
2008.04.11 14:20 B C:\Documents and Settings\RJR\My Documents\Personal Desktop\ArtProjects\blindiprojects\blindeyewebupdate\images\extra-naval-perf2.jpg <-- blind eye projects /web/images extra-naval-perf2.jpg
2008.04.11 14:20 B C:\Documents and Settings\RJR\My Documents\Personal Desktop\ArtProjects\blindiprojects\blindeyewebupdate\images\extra-naval-perf3.jpg <-- blind eye projects /web/images extra-naval-perf3.jpg
2008.04.11 14:20 B C:\Documents and Settings\RJR\My Documents\Personal Desktop\ArtProjects\blindiprojects\blindeyewebupdate\images\extranet_main_off.gif <-- blind eye projects /web/images extranet_main_off.gif
2008.04.11 14:20 B C:\Documents and Settings\RJR\My Documents\Personal Desktop\ArtProjects\blindiprojects\blindeyewebupdate\images\eye-fld-drmtic.jpg <-- blind eye projects /web/images eye-fld-drmtic.jpg
2008.04.11 14:20 B C:\Documents and Settings\RJR\My Documents\Personal Desktop\ArtProjects\blindiprojects\blindeyewebupdate\images\eye.gif <-- blind eye projects /web/images eye.gif
2008.04.11 14:20 B C:\Documents and Settings\RJR\My Documents\Personal Desktop\ArtProjects\blindiprojects\blindeyewebupdate\images\eyehole.jpg <-- blind eye projects /web/images eyehole.jpg
2008.04.11 14:20 B C:\Documents and Settings\RJR\My Documents\Personal Desktop\ArtProjects\blindiprojects\blindeyewebupdate\images\fbi1.gif <-- blind eye projects /web/images fbi1.gif
2008.04.11 14:20 B C:\Documents and Settings\RJR\My Documents\Personal Desktop\ArtProjects\blindiprojects\blindeyewebupdate\images\fbi1.jpg <-- blind eye projects /web/images fbi1.jpg
2008.04.11 14:20 B C:\Documents and Settings\RJR\My Documents\Personal Desktop\ArtProjects\blindiprojects\blindeyewebupdate\images\fbi2.gif <-- blind eye projects /web/images fbi2.gif
2008.04.11 14:20 B C:\Documents and Settings\RJR\My Documents\Personal Desktop\ArtProjects\blindiprojects\blindeyewebupdate\images\fbi2.jpg <-- blind eye projects /web/images fbi2.jpg
2008.04.11 14:20 B C:\Documents and Settings\RJR\My Documents\Personal Desktop\ArtProjects\blindiprojects\blindeyewebupdate\images\fbi3.gif <-- blind eye projects /web/images fbi3.gif
2008.04.11 14:20 B C:\Documents and Settings\RJR\My Documents\Personal Desktop\ArtProjects\blindiprojects\blindeyewebupdate\images\fbi3.jpg <-- blind eye projects /web/images fbi3.jpg
2008.04.11 14:20 B C:\Documents and Settings\RJR\My Documents\Personal Desktop\ArtProjects\blindiprojects\blindeyewebupdate\images\filmscout.html <-- blind eye projects /web/images filmscout.html
2008.04.11 14:20 B C:\Documents and Settings\RJR\My Documents\Personal Desktop\ArtProjects\blindiprojects\blindeyewebupdate\images\finaleopus100.txt <-- blind eye projects /web/images finaleopus100.txt
2008.04.11 14:20 B C:\Documents and Settings\RJR\My Documents\Personal Desktop\ArtProjects\blindiprojects\blindeyewebupdate\images\front_window.gif <-- blind eye projects /web/images front_window.gif
2008.04.11 14:20 B C:\Documents and Settings\RJR\My Documents\Personal Desktop\ArtProjects\blindiprojects\blindeyewebupdate\images\full125window-thumb.jpg <-- blind eye projects /web/images full125window-thumb.jpg
2008.04.11 14:20 B C:\Documents and Settings\RJR\My Documents\Personal Desktop\ArtProjects\blindiprojects\blindeyewebupdate\images\full125window.jpg <-- blind eye projects /web/images full125window.jpg
2008.04.11 14:20 B C:\Documents and Settings\RJR\My Documents\Personal Desktop\ArtProjects\blindiprojects\blindeyewebupdate\images\graypixel.gif <-- blind eye projects /web/images graypixel.gif
2008.04.11 14:20 B C:\Documents and Settings\RJR\My Documents\Personal Desktop\ArtProjects\blindiprojects\blindeyewebupdate\images\historyframe.jpg <-- blind eye projects /web/images historyframe.jpg
2008.04.11 14:20 B C:\Documents and Settings\RJR\My Documents\Personal Desktop\ArtProjects\blindiprojects\blindeyewebupdate\images\historysplash.jpg <-- blind eye projects /web/images historysplash.jpg
2008.04.11 14:20 B C:\Documents and Settings\RJR\My Documents\Personal Desktop\ArtProjects\blindiprojects\blindeyewebupdate\images\interventions.gif <-- blind eye projects /web/images interventions.gif
2008.04.11 14:20 B C:\Documents and Settings\RJR\My Documents\Personal Desktop\ArtProjects\blindiprojects\blindeyewebupdate\images\intro1.jpg <-- blind eye projects /web/images intro1.jpg
2008.04.11 14:20 B C:\Documents and Settings\RJR\My Documents\Personal Desktop\ArtProjects\blindiprojects\blindeyewebupdate\images\intro2.jpg <-- blind eye projects /web/images intro2.jpg
2008.04.11 14:20 B C:\Documents and Settings\RJR\My Documents\Personal Desktop\ArtProjects\blindiprojects\blindeyewebupdate\images\intro3.jpg <-- blind eye projects /web/images intro3.jpg
2008.04.11 14:20 B C:\Documents and Settings\RJR\My Documents\Personal Desktop\ArtProjects\blindiprojects\blindeyewebupdate\images\intro4.jpg <-- blind eye projects /web/images intro4.jpg
2008.04.11 14:20 B C:\Documents and Settings\RJR\My Documents\Personal Desktop\ArtProjects\blindiprojects\blindeyewebupdate\images\laughc_thumb.gif <-- blind eye projects /web/images laughc_thumb.gif
2008.04.11 14:20 B C:\Documents and Settings\RJR\My Documents\Personal Desktop\ArtProjects\blindiprojects\blindeyewebupdate\images\laughingcouple-display.jpg <-- blind eye projects /web/images laughingcouple-display.jpg
2008.04.11 14:20 B C:\Documents and Settings\RJR\My Documents\Personal Desktop\ArtProjects\blindiprojects\blindeyewebupdate\images\laughingcple-widedisplay.jpg <-- blind eye projects /web/images laughingcple-widedisplay.jpg
2008.04.11 14:20 B C:\Documents and Settings\RJR\My Documents\Personal Desktop\ArtProjects\blindiprojects\blindeyewebupdate\images\lauging-icon.jpg <-- blind eye projects /web/images lauging-icon.jpg
2008.04.11 14:20 B C:\Documents and Settings\RJR\My Documents\Personal Desktop\ArtProjects\blindiprojects\blindeyewebupdate\images\lft_bones.gif <-- blind eye projects /web/images lft_bones.gif
2008.04.11 14:20 B C:\Documents and Settings\RJR\My Documents\Personal Desktop\ArtProjects\blindiprojects\blindeyewebupdate\images\logo.gif <-- blind eye projects /web/images logo.gif
2008.04.11 14:20 B C:\Documents and Settings\RJR\My Documents\Personal Desktop\ArtProjects\blindiprojects\blindeyewebupdate\images\main_bar.gif <-- blind eye projects /web/images main_bar.gif
2008.04.11 14:20 B C:\Documents and Settings\RJR\My Documents\Personal Desktop\ArtProjects\blindiprojects\blindeyewebupdate\images\media.gif <-- blind eye projects /web/images media.gif
2008.04.11 14:20 B C:\Documents and Settings\RJR\My Documents\Personal Desktop\ArtProjects\blindiprojects\blindeyewebupdate\images\ministore-125-42ndSt.jpg <-- blind eye projects /web/images ministore-125-42ndSt.jpg
2008.04.11 14:20 B C:\Documents and Settings\RJR\My Documents\Personal Desktop\ArtProjects\blindiprojects\blindeyewebupdate\images\ministore-dancer-wide.jpg <-- blind eye projects /web/images ministore-dancer-wide.jpg
2008.04.11 14:20 B C:\Documents and Settings\RJR\My Documents\Personal Desktop\ArtProjects\blindiprojects\blindeyewebupdate\images\ministore-dancer.jpg <-- blind eye projects /web/images ministore-dancer.jpg
2008.04.11 14:20 B C:\Documents and Settings\RJR\My Documents\Personal Desktop\ArtProjects\blindiprojects\blindeyewebupdate\images\ministore-model.jpg <-- blind eye projects /web/images ministore-model.jpg
2008.04.11 14:20 B C:\Documents and Settings\RJR\My Documents\Personal Desktop\ArtProjects\blindiprojects\blindeyewebupdate\images\ministore-motorcycle.jpg <-- blind eye projects /web/images ministore-motorcycle.jpg
2008.04.11 14:20 B C:\Documents and Settings\RJR\My Documents\Personal Desktop\ArtProjects\blindiprojects\blindeyewebupdate\images\ministore-sketch.gif <-- blind eye projects /web/images ministore-sketch.gif
2008.04.11 14:20 B C:\Documents and Settings\RJR\My Documents\Personal Desktop\ArtProjects\blindiprojects\blindeyewebupdate\images\ministore-stroller-before.jpg <-- blind eye projects /web/images ministore-stroller-before.jpg
2008.04.11 14:20 B C:\Documents and Settings\RJR\My Documents\Personal Desktop\ArtProjects\blindiprojects\blindeyewebupdate\images\ministore-walkbytie.jpg <-- blind eye projects /web/images ministore-walkbytie.jpg
2008.04.11 14:20 B C:\Documents and Settings\RJR\My Documents\Personal Desktop\ArtProjects\blindiprojects\blindeyewebupdate\images\ministore1.jpg <-- blind eye projects /web/images ministore1.jpg
2008.04.11 14:20 B C:\Documents and Settings\RJR\My Documents\Personal Desktop\ArtProjects\blindiprojects\blindeyewebupdate\images\mr.boneseye-alone.gif <-- blind eye projects /web/images mr.boneseye-alone.gif
2008.04.11 14:20 B C:\Documents and Settings\RJR\My Documents\Personal Desktop\ArtProjects\blindiprojects\blindeyewebupdate\images\navtag.gif <-- blind eye projects /web/images navtag.gif
2008.04.11 14:20 B C:\Documents and Settings\RJR\My Documents\Personal Desktop\ArtProjects\blindiprojects\blindeyewebupdate\images\oeffnungszeiten_bild.gif <-- blind eye projects /web/images oeffnungszeiten_bild.gif
2008.04.11 14:20 B C:\Documents and Settings\RJR\My Documents\Personal Desktop\ArtProjects\blindiprojects\blindeyewebupdate\images\open-42ndStdancer+bones.jpg <-- blind eye projects /web/images open-42ndStdancer+bones.jpg
2008.04.11 14:20 B C:\Documents and Settings\RJR\My Documents\Personal Desktop\ArtProjects\blindiprojects\blindeyewebupdate\images\postcard-boxwdw-icon.gif <-- blind eye projects /web/images postcard-boxwdw-icon.gif
2008.04.11 14:20 B C:\Documents and Settings\RJR\My Documents\Personal Desktop\ArtProjects\blindiprojects\blindeyewebupdate\images\previewnew.html <-- blind eye projects /web/images previewnew.html
2008.04.11 14:20 B C:\Documents and Settings\RJR\My Documents\Personal Desktop\ArtProjects\blindiprojects\blindeyewebupdate\images\print_icon.gif <-- blind eye projects /web/images print_icon.gif
2008.04.11 14:20 B C:\Documents and Settings\RJR\My Documents\Personal Desktop\ArtProjects\blindiprojects\blindeyewebupdate\images\quote.gif <-- blind eye projects /web/images quote.gif
2008.04.11 14:20 B C:\Documents and Settings\RJR\My Documents\Personal Desktop\ArtProjects\blindiprojects\blindeyewebupdate\images\quote_what_we_do.gif <-- blind eye projects /web/images quote_what_we_do.gif
2008.04.11 14:20 B C:\Documents and Settings\RJR\My Documents\Personal Desktop\ArtProjects\blindiprojects\blindeyewebupdate\images\reddress.gif <-- blind eye projects /web/images reddress.gif
2008.04.11 14:20 B C:\Documents and Settings\RJR\My Documents\Personal Desktop\ArtProjects\blindiprojects\blindeyewebupdate\images\right_shim.gif <-- blind eye projects /web/images right_shim.gif
2008.04.11 14:20 B C:\Documents and Settings\RJR\My Documents\Personal Desktop\ArtProjects\blindiprojects\blindeyewebupdate\images\sch-audincls2.jpg <-- blind eye projects /web/images sch-audincls2.jpg
2008.04.11 14:20 B C:\Documents and Settings\RJR\My Documents\Personal Desktop\ArtProjects\blindiprojects\blindeyewebupdate\images\sch-audintcls1.jpg <-- blind eye projects /web/images sch-audintcls1.jpg
2008.04.11 14:20 B C:\Documents and Settings\RJR\My Documents\Personal Desktop\ArtProjects\blindiprojects\blindeyewebupdate\images\sch-audintmd1.jpg <-- blind eye projects /web/images sch-audintmd1.jpg
2008.04.11 14:20 B C:\Documents and Settings\RJR\My Documents\Personal Desktop\ArtProjects\blindiprojects\blindeyewebupdate\images\sch-exptrnextmed.jpg <-- blind eye projects /web/images sch-exptrnextmed.jpg
2008.04.11 14:20 B C:\Documents and Settings\RJR\My Documents\Personal Desktop\ArtProjects\blindiprojects\blindeyewebupdate\images\sch-exptrnintcls.jpg <-- blind eye projects /web/images sch-exptrnintcls.jpg
2008.04.11 14:20 B C:\Documents and Settings\RJR\My Documents\Personal Desktop\ArtProjects\blindiprojects\blindeyewebupdate\images\schbnnr.jpg <-- blind eye projects /web/images schbnnr.jpg
2008.04.11 14:20 B C:\Documents and Settings\RJR\My Documents\Personal Desktop\ArtProjects\blindiprojects\blindeyewebupdate\images\schexptrncls.jpg <-- blind eye projects /web/images schexptrncls.jpg
2008.04.11 14:20 B C:\Documents and Settings\RJR\My Documents\Personal Desktop\ArtProjects\blindiprojects\blindeyewebupdate\images\schextnghtwd.jpg <-- blind eye projects /web/images schextnghtwd.jpg
2008.04.11 14:20 B C:\Documents and Settings\RJR\My Documents\Personal Desktop\ArtProjects\blindiprojects\blindeyewebupdate\images\schintmd.jpg <-- blind eye projects /web/images schintmd.jpg
2008.04.11 14:20 B C:\Documents and Settings\RJR\My Documents\Personal Desktop\ArtProjects\blindiprojects\blindeyewebupdate\images\science.gif <-- blind eye projects /web/images science.gif
2008.04.11 14:20 B C:\Documents and Settings\RJR\My Documents\Personal Desktop\ArtProjects\blindiprojects\blindeyewebupdate\images\science_1.gif <-- blind eye projects /web/images science_1.gif
2008.04.11 14:20 B C:\Documents and Settings\RJR\My Documents\Personal Desktop\ArtProjects\blindiprojects\blindeyewebupdate\images\science_2.gif <-- blind eye projects /web/images science_2.gif
2008.04.11 14:20 B C:\Documents and Settings\RJR\My Documents\Personal Desktop\ArtProjects\blindiprojects\blindeyewebupdate\images\sitemap_main_off.gif <-- blind eye projects /web/images sitemap_main_off.gif
2008.04.11 14:20 B C:\Documents and Settings\RJR\My Documents\Personal Desktop\ArtProjects\blindiprojects\blindeyewebupdate\images\skeleton.gif <-- blind eye projects /web/images skeleton.gif
2008.04.11 14:20 B C:\Documents and Settings\RJR\My Documents\Personal Desktop\ArtProjects\blindiprojects\blindeyewebupdate\images\sketch-icon.gif <-- blind eye projects /web/images sketch-icon.gif
2008.04.11 14:20 B C:\Documents and Settings\RJR\My Documents\Personal Desktop\ArtProjects\blindiprojects\blindeyewebupdate\images\splash-willysells.jpg <-- blind eye projects /web/images splash-willysells.jpg
2008.04.11 14:21 B C:\Documents and Settings\RJR\My Documents\Personal Desktop\ArtProjects\blindiprojects\blindeyewebupdate\images\splash.gif <-- blind eye projects /web/images splash.gif
2008.04.11 14:21 B C:\Documents and Settings\RJR\My Documents\Personal Desktop\ArtProjects\blindiprojects\blindeyewebupdate\images\store-125-42ndSt.jpg <-- blind eye projects /web/images store-125-42ndSt.jpg
2008.04.11 14:21 B C:\Documents and Settings\RJR\My Documents\Personal Desktop\ArtProjects\blindiprojects\blindeyewebupdate\images\store-dancer-wide.jpg <-- blind eye projects /web/images store-dancer-wide.jpg
2008.04.11 14:21 B C:\Documents and Settings\RJR\My Documents\Personal Desktop\ArtProjects\blindiprojects\blindeyewebupdate\images\store-dancer.jpg <-- blind eye projects /web/images store-dancer.jpg
2008.04.11 14:21 B C:\Documents and Settings\RJR\My Documents\Personal Desktop\ArtProjects\blindiprojects\blindeyewebupdate\images\store-model.jpg <-- blind eye projects /web/images store-model.jpg
2008.04.11 14:21 B C:\Documents and Settings\RJR\My Documents\Personal Desktop\ArtProjects\blindiprojects\blindeyewebupdate\images\store-motorcycle.jpg <-- blind eye projects /web/images store-motorcycle.jpg
2008.04.11 14:21 B C:\Documents and Settings\RJR\My Documents\Personal Desktop\ArtProjects\blindiprojects\blindeyewebupdate\images\store-sketch.gif <-- blind eye projects /web/images store-sketch.gif
2008.04.11 14:21 B C:\Documents and Settings\RJR\My Documents\Personal Desktop\ArtProjects\blindiprojects\blindeyewebupdate\images\store-strollerafter.jpg <-- blind eye projects /web/images store-strollerafter.jpg
2008.04.11 14:21 B C:\Documents and Settings\RJR\My Documents\Personal Desktop\ArtProjects\blindiprojects\blindeyewebupdate\images\store-walkbytie.jpg <-- blind eye projects /web/images store-walkbytie.jpg
2008.04.11 14:21 B C:\Documents and Settings\RJR\My Documents\Personal Desktop\ArtProjects\blindiprojects\blindeyewebupdate\images\store1.html <-- blind eye projects /web/images store1.html
2008.04.11 14:21 B C:\Documents and Settings\RJR\My Documents\Personal Desktop\ArtProjects\blindiprojects\blindeyewebupdate\images\store10.html <-- blind eye projects /web/images store10.html
2008.04.11 14:21 B C:\Documents and Settings\RJR\My Documents\Personal Desktop\ArtProjects\blindiprojects\blindeyewebupdate\images\store11.html <-- blind eye projects /web/images store11.html
2008.04.11 14:21 B C:\Documents and Settings\RJR\My Documents\Personal Desktop\ArtProjects\blindiprojects\blindeyewebupdate\images\store12.html <-- blind eye projects /web/images store12.html
2008.04.11 14:21 B C:\Documents and Settings\RJR\My Documents\Personal Desktop\ArtProjects\blindiprojects\blindeyewebupdate\images\store13.html <-- blind eye projects /web/images store13.html
2008.04.11 14:21 B C:\Documents and Settings\RJR\My Documents\Personal Desktop\ArtProjects\blindiprojects\blindeyewebupdate\images\store14.html <-- blind eye projects /web/images store14.html
2008.04.11 14:21 B C:\Documents and Settings\RJR\My Documents\Personal Desktop\ArtProjects\blindiprojects\blindeyewebupdate\images\store15.html <-- blind eye projects /web/images store15.html
2008.04.11 14:21 B C:\Documents and Settings\RJR\My Documents\Personal Desktop\ArtProjects\blindiprojects\blindeyewebupdate\images\store16.html <-- blind eye projects /web/images store16.html
2008.04.11 14:21 B C:\Documents and Settings\RJR\My Documents\Personal Desktop\ArtProjects\blindiprojects\blindeyewebupdate\images\store17.html <-- blind eye projects /web/images store17.html
2008.04.11 14:21 B C:\Documents and Settings\RJR\My Documents\Personal Desktop\ArtProjects\blindiprojects\blindeyewebupdate\images\store2.html <-- blind eye projects /web/images store2.html
2008.04.11 14:21 B C:\Documents and Settings\RJR\My Documents\Personal Desktop\ArtProjects\blindiprojects\blindeyewebupdate\images\store3.html <-- blind eye projects /web/images store3.html
2008.04.11 14:21 B C:\Documents and Settings\RJR\My Documents\Personal Desktop\ArtProjects\blindiprojects\blindeyewebupdate\images\store4.html <-- blind eye projects /web/images store4.html
2008.04.11 14:21 B C:\Documents and Settings\RJR\My Documents\Personal Desktop\ArtProjects\blindiprojects\blindeyewebupdate\images\store5.html <-- blind eye projects /web/images store5.html
2008.04.11 14:21 B C:\Documents and Settings\RJR\My Documents\Personal Desktop\ArtProjects\blindiprojects\blindeyewebupdate\images\store6.html <-- blind eye projects /web/images store6.html
2008.04.11 14:21 B C:\Documents and Settings\RJR\My Documents\Personal Desktop\ArtProjects\blindiprojects\blindeyewebupdate\images\store7.html <-- blind eye projects /web/images store7.html
2008.04.11 14:21 B C:\Documents and Settings\RJR\My Documents\Personal Desktop\ArtProjects\blindiprojects\blindeyewebupdate\images\store8.html <-- blind eye projects /web/images store8.html
2008.04.11 14:21 B C:\Documents and Settings\RJR\My Documents\Personal Desktop\ArtProjects\blindiprojects\blindeyewebupdate\images\store9.html <-- blind eye projects /web/images store9.html
2008.04.11 14:21 B C:\Documents and Settings\RJR\My Documents\Personal Desktop\ArtProjects\blindiprojects\blindeyewebupdate\images\storefronts.gif <-- blind eye projects /web/images storefronts.gif
2008.04.11 14:21 B C:\Documents and Settings\RJR\My Documents\Personal Desktop\ArtProjects\blindiprojects\blindeyewebupdate\images\storeicon1.gif <-- blind eye projects /web/images storeicon1.gif
2008.04.11 14:21 B C:\Documents and Settings\RJR\My Documents\Personal Desktop\ArtProjects\blindiprojects\blindeyewebupdate\images\subhead_app_design_bottom.gif <-- blind eye projects /web/images subhead_app_design_bottom.gif
2008.04.11 14:21 B C:\Documents and Settings\RJR\My Documents\Personal Desktop\ArtProjects\blindiprojects\blindeyewebupdate\images\subhead_app_design_top.gif <-- blind eye projects /web/images subhead_app_design_top.gif
2008.04.11 14:21 B C:\Documents and Settings\RJR\My Documents\Personal Desktop\ArtProjects\blindiprojects\blindeyewebupdate\images\subhead_bis_strat_bottom.gif <-- blind eye projects /web/images subhead_bis_strat_bottom.gif
2008.04.11 14:21 B C:\Documents and Settings\RJR\My Documents\Personal Desktop\ArtProjects\blindiprojects\blindeyewebupdate\images\subhead_bis_strat_top.gif <-- blind eye projects /web/images subhead_bis_strat_top.gif
2008.04.11 14:21 B C:\Documents and Settings\RJR\My Documents\Personal Desktop\ArtProjects\blindiprojects\blindeyewebupdate\images\subhead_crm_bottom.gif <-- blind eye projects /web/images subhead_crm_bottom.gif
2008.04.11 14:21 B C:\Documents and Settings\RJR\My Documents\Personal Desktop\ArtProjects\blindiprojects\blindeyewebupdate\images\subhead_crm_top.gif <-- blind eye projects /web/images subhead_crm_top.gif
2008.04.11 14:21 B C:\Documents and Settings\RJR\My Documents\Personal Desktop\ArtProjects\blindiprojects\blindeyewebupdate\images\subhead_delivering.gif <-- blind eye projects /web/images subhead_delivering.gif
2008.04.11 14:21 B C:\Documents and Settings\RJR\My Documents\Personal Desktop\ArtProjects\blindiprojects\blindeyewebupdate\images\subhead_enterprise_arch.gif <-- blind eye projects /web/images subhead_enterprise_arch.gif
2008.04.11 14:21 B C:\Documents and Settings\RJR\My Documents\Personal Desktop\ArtProjects\blindiprojects\blindeyewebupdate\images\subhead_knowledge_opt.gif <-- blind eye projects /web/images subhead_knowledge_opt.gif
2008.04.11 14:21 B C:\Documents and Settings\RJR\My Documents\Personal Desktop\ArtProjects\blindiprojects\blindeyewebupdate\images\subhead_supply_chain_bottom.gif <-- blind eye projects /web/images subhead_supply_chain_bottom.gif
2008.04.11 14:21 B C:\Documents and Settings\RJR\My Documents\Personal Desktop\ArtProjects\blindiprojects\blindeyewebupdate\images\subhead_supply_chain_top.gif <-- blind eye projects /web/images subhead_supply_chain_top.gif
2008.04.11 14:21 B C:\Documents and Settings\RJR\My Documents\Personal Desktop\ArtProjects\blindiprojects\blindeyewebupdate\images\teaser-dncer.jpg <-- blind eye projects /web/images teaser-dncer.jpg
2008.04.11 14:21 B C:\Documents and Settings\RJR\My Documents\Personal Desktop\ArtProjects\blindiprojects\blindeyewebupdate\images\top_nav.gif <-- blind eye projects /web/images top_nav.gif
2008.04.11 14:21 B C:\Documents and Settings\RJR\My Documents\Personal Desktop\ArtProjects\blindiprojects\blindeyewebupdate\images\tradstickbed.gif <-- blind eye projects /web/images tradstickbed.gif
2008.04.11 14:21 B C:\Documents and Settings\RJR\My Documents\Personal Desktop\ArtProjects\blindiprojects\blindeyewebupdate\images\tradstickchair.gif <-- blind eye projects /web/images tradstickchair.gif
2008.04.11 14:21 B C:\Documents and Settings\RJR\My Documents\Personal Desktop\ArtProjects\blindiprojects\blindeyewebupdate\images\utnead-display.gif <-- blind eye projects /web/images utnead-display.gif
2008.04.11 14:21 B C:\Documents and Settings\RJR\My Documents\Personal Desktop\ArtProjects\blindiprojects\blindeyewebupdate\images\utnead-icon.gif <-- blind eye projects /web/images utnead-icon.gif
2008.04.11 14:21 B C:\Documents and Settings\RJR\My Documents\Personal Desktop\ArtProjects\blindiprojects\blindeyewebupdate\images\videobabe.gif <-- blind eye projects /web/images videobabe.gif
2008.04.11 14:21 B C:\Documents and Settings\RJR\My Documents\Personal Desktop\ArtProjects\blindiprojects\blindeyewebupdate\images\videoback.gif <-- blind eye projects /web/images videoback.gif
2008.04.11 14:21 B C:\Documents and Settings\RJR\My Documents\Personal Desktop\ArtProjects\blindiprojects\blindeyewebupdate\images\videofront-3.gif <-- blind eye projects /web/images videofront-3.gif
2008.04.11 14:21 B C:\Documents and Settings\RJR\My Documents\Personal Desktop\ArtProjects\blindiprojects\blindeyewebupdate\images\videofront.gif <-- blind eye projects /web/images videofront.gif
2008.04.11 14:21 B C:\Documents and Settings\RJR\My Documents\Personal Desktop\ArtProjects\blindiprojects\blindeyewebupdate\images\videofront_thumb.gif <-- blind eye projects /web/images videofront_thumb.gif
2008.04.11 14:21 B C:\Documents and Settings\RJR\My Documents\Personal Desktop\ArtProjects\blindiprojects\blindeyewebupdate\images\videofront_thumb2.gif <-- blind eye projects /web/images videofront_thumb2.gif
2008.04.11 14:21 B C:\Documents and Settings\RJR\My Documents\Personal Desktop\ArtProjects\blindiprojects\blindeyewebupdate\images\videos.gif <-- blind eye projects /web/images videos.gif
2008.04.11 14:21 B C:\Documents and Settings\RJR\My Documents\Personal Desktop\ArtProjects\blindiprojects\blindeyewebupdate\images\videos.html <-- blind eye projects /web/images videos.html
2008.04.11 14:21 B C:\Documents and Settings\RJR\My Documents\Personal Desktop\ArtProjects\blindiprojects\blindeyewebupdate\images\viewpoint_icon.gif <-- blind eye projects /web/images viewpoint_icon.gif
2008.04.11 14:21 B C:\Documents and Settings\RJR\My Documents\Personal Desktop\ArtProjects\blindiprojects\blindeyewebupdate\images\what_0_bottom_right.jpg <-- blind eye projects /web/images what_0_bottom_right.jpg
2008.04.11 14:21 B C:\Documents and Settings\RJR\My Documents\Personal Desktop\ArtProjects\blindiprojects\blindeyewebupdate\images\what_0_right.gif <-- blind eye projects /web/images what_0_right.gif
2008.04.11 14:21 B C:\Documents and Settings\RJR\My Documents\Personal Desktop\ArtProjects\blindiprojects\blindeyewebupdate\images\what_0_right.jpg <-- blind eye projects /web/images what_0_right.jpg
2008.04.11 14:21 B C:\Documents and Settings\RJR\My Documents\Personal Desktop\ArtProjects\blindiprojects\blindeyewebupdate\images\what_0_title.jpg <-- blind eye projects /web/images what_0_title.jpg
2008.04.11 14:21 B C:\Documents and Settings\RJR\My Documents\Personal Desktop\ArtProjects\blindiprojects\blindeyewebupdate\images\what_0_top_left.jpg <-- blind eye projects /web/images what_0_top_left.jpg
2008.04.11 14:21 B C:\Documents and Settings\RJR\My Documents\Personal Desktop\ArtProjects\blindiprojects\blindeyewebupdate\images\willsells-display.jpg <-- blind eye projects /web/images willsells-display.jpg
2008.04.11 14:21 B C:\Documents and Settings\RJR\My Documents\Personal Desktop\ArtProjects\blindiprojects\blindeyewebupdate\images\willy&crowd.jpg <-- blind eye projects /web/images willy&crowd.jpg
2008.04.11 14:21 B C:\Documents and Settings\RJR\My Documents\Personal Desktop\ArtProjects\blindiprojects\blindeyewebupdate\images\willysells-icon.jpg <-- blind eye projects /web/images willysells-icon.jpg
2008.04.11 14:21 B C:\Documents and Settings\RJR\My Documents\Personal Desktop\ArtProjects\blindiprojects\blindeyewebupdate\images\window.gif <-- blind eye projects /web/images window.gif
2008.04.11 14:21 B C:\Documents and Settings\RJR\My Documents\Personal Desktop\ArtProjects\blindiprojects\blindeyewebupdate\images\x-bxes-peer-bd.jpg <-- blind eye projects /web/images x-bxes-peer-bd.jpg
2008.04.11 14:21 B C:\Documents and Settings\RJR\My Documents\Personal Desktop\ArtProjects\blindiprojects\blindeyewebupdate\images\x-code-boxes.jpg <-- blind eye projects /web/images x-code-boxes.jpg
2008.04.11 14:21 B C:\Documents and Settings\RJR\My Documents\Personal Desktop\ArtProjects\blindiprojects\blindeyewebupdate\images\x-exptrn-bnnrs-prt.jpg <-- blind eye projects /web/images x-exptrn-bnnrs-prt.jpg
2008.04.11 14:21 B C:\Documents and Settings\RJR\My Documents\Personal Desktop\ArtProjects\blindiprojects\blindeyewebupdate\images\x-hzprts-peer.jpg <-- blind eye projects /web/images x-hzprts-peer.jpg
2008.04.11 14:21 B C:\Documents and Settings\RJR\My Documents\Personal Desktop\ArtProjects\blindiprojects\blindeyewebupdate\images\x-jp-vert.jpg <-- blind eye projects /web/images x-jp-vert.jpg
2008.04.11 14:21 B C:\Documents and Settings\RJR\My Documents\Personal Desktop\ArtProjects\blindiprojects\blindeyewebupdate\images\x-peer+disc.jpg <-- blind eye projects /web/images x-peer+disc.jpg
2008.04.11 14:21 B C:\Documents and Settings\RJR\My Documents\Personal Desktop\ArtProjects\blindiprojects\blindeyewebupdate\images\x-peer-angle.jpg <-- blind eye projects /web/images x-peer-angle.jpg
2008.04.11 14:21 B C:\Documents and Settings\RJR\My Documents\Personal Desktop\ArtProjects\blindiprojects\blindeyewebupdate\images\x-peer-long.jpg <-- blind eye projects /web/images x-peer-long.jpg
2008.04.11 14:21 B C:\Documents and Settings\RJR\My Documents\Personal Desktop\ArtProjects\blindiprojects\blindeyewebupdate\images\x-trn-code-bxes.jpg <-- blind eye projects /web/images x-trn-code-bxes.jpg
2008.04.11 14:21 B C:\Documents and Settings\RJR\My Documents\Personal Desktop\ArtProjects\blindiprojects\blindeyewebupdate\images\x-trn-dtl1.jpg <-- blind eye projects /web/images x-trn-dtl1.jpg
2008.04.11 14:21 B C:\Documents and Settings\RJR\My Documents\Personal Desktop\ArtProjects\blindiprojects\blindeyewebupdate\images\x-trn-whle.jpg <-- blind eye projects /web/images x-trn-whle.jpg
2008.04.11 14:21 B C:\Documents and Settings\RJR\My Documents\Personal Desktop\ArtProjects\blindiprojects\blindeyewebupdate\images\x-wdw-rrvw.jpg <-- blind eye projects /web/images x-wdw-rrvw.jpg
